Arguments: 
  /usr/local/bin/node /usr/local/bin/yarn add git://github.com/mishoo/UglifyJS2#harmony --dev

PATH: 
  /Users/lokesh/.rvm/gems/ruby-2.2.1/bin:/Users/lokesh/.rvm/gems/ruby-2.2.1@global/bin:/Users/lokesh/.rvm/rubies/ruby-2.2.1/bin:/usr/local/mysql/bin:/Applications/Sublime Text.app/Contents/SharedSupport/bin:/Users/lokesh/.rvm/bin:/usr/local/bin:/usr/bin:/bin:/usr/sbin:/sbin

Yarn version: 
  0.21.3

Node version: 
  6.9.1

Platform: 
  darwin x64

npm manifest: 
  {
    "name": "learning-webpack",
    "version": "1.0.0",
    "description": "",
    "main": "index.js",
    "scripts": {
      "test": "echo \"Error: no test specified\" && exit 1"
    },
    "author": "",
    "license": "ISC",
    "devDependencies": {
      "babel-core": "^6.13.2",
      "babel-loader": "^6.2.5",
      "babel-preset-es2015": "^6.13.2"
    }
  }

yarn manifest: 
  No manifest

Lockfile: 
  No lockfile

Trace: 
  Error: unable to get local issuer certificate
      at Error (native)
      at TLSSocket.<anonymous> (_tls_wrap.js:1062:38)
      at emitNone (events.js:86:13)
      at TLSSocket.emit (events.js:185:7)
      at TLSSocket._finishInit (_tls_wrap.js:586:8)
      at TLSWrap.ssl.onhandshakedone (_tls_wrap.js:416:38)
